<?xml version="1.0" encoding="UTF-8"?>
<!-- Generated by org.testng.reporters.JUnitReportReporter -->
<testsuite skipped="0" hostname="zConL-42" name="testcases.Demo" tests="1" failures="0" timestamp="2020-04-28T17:12:08 IST" time="11.989" errors="0">
  <testcase name="dolaunchBrowser" time="11.989" classname="testcases.Demo"/>
  <system-out/>
</testsuite> <!-- testcases.Demo -->
